# JRE version: OpenJDK Runtime Environment Temurin-21.0.10+7 (21.0.10+7) (build 21.0.10+7-LTS)
# Java VM: OpenJDK 64-Bit Server VM Temurin-21.0.10+7 (21.0.10+7-LTS, mixed mode, sharing, tiered, compressed oops, compressed class ptrs, parallel gc, windows-amd64)
GC Precious Log:
 CardTable entry size: 512
 CPUs: 12 total, 12 available
 Memory: 16024M
 Large Page Support: Disabled
 NUMA Support: Disabled
 Compressed Oops: Enabled (32-bit)
 Alignments: Space 512K, Generation 512K, Heap 2M
 Heap Min Capacity: 100M
 Heap Initial Capacity: 100M
 Heap Max Capacity: 2G
 Pre-touch: Disabled
 Parallel Workers: 10
Heap:
 PSYoungGen      total 3072K, used 1472K [0x00000000d5580000, 0x00000000d5a80000, 0x0000000100000000)
  eden space 2560K, 45% used [0x00000000d5580000,0x00000000d56a0288,0x00000000d5800000)
  from space 512K, 62% used [0x00000000d5a00000,0x00000000d5a50000,0x00000000d5a80000)
  to   space 1024K, 0% used [0x00000000d5880000,0x00000000d5880000,0x00000000d5980000)
 ParOldGen       total 629760K, used 629570K [0x0000000080000000, 0x00000000a6700000, 0x00000000d5580000)
  object space 629760K, 99% used [0x0000000080000000,0x00000000a66d0a08,0x00000000a6700000)
 Metaspace       used 84339K, committed 86080K, reserved 1179648K
  class space    used 8727K, committed 9536K, reserved 1048576K
GC Heap History (20 events):
Event: 1653.581 GC heap before
{Heap before GC invocations=1145 (full 4):
 PSYoungGen      total 3072K, used 3040K [0x00000000d5580000, 0x00000000d5980000, 0x0000000100000000)
  eden space 2560K, 100% used [0x00000000d5580000,0x00000000d5800000,0x00000000d5800000)
  from space 512K, 93% used [0x00000000d5900000,0x00000000d5978000,0x00000000d5980000)
  to   space 512K, 0% used [0x00000000d5880000,0x00000000d5880000,0x00000000d5900000)
 ParOldGen       total 618496K, used 618478K [0x0000000080000000, 0x00000000a5c00000, 0x00000000d5580000)
  object space 618496K, 99% used [0x0000000080000000,0x00000000a5bfb868,0x00000000a5c00000)
 Metaspace       used 84335K, committed 86080K, reserved 1179648K
  class space    used 8727K, committed 9536K, reserved 1048576K
}
Event: 1653.583 GC heap after
{Heap after GC invocations=1145 (full 4):
 PSYoungGen      total 3072K, used 304K [0x00000000d5580000, 0x00000000d5980000, 0x0000000100000000)
  eden space 2560K, 0% used [0x00000000d5580000,0x00000000d5580000,0x00000000d5800000)
  from space 512K, 59% used [0x00000000d5880000,0x00000000d58cc010,0x00000000d5900000)
  to   space 512K, 0% used [0x00000000d5900000,0x00000000d5900000,0x00000000d5980000)
 ParOldGen       total 619008K, used 618851K [0x0000000080000000, 0x00000000a5c80000, 0x00000000d5580000)
  object space 619008K, 99% used [0x0000000080000000,0x00000000a5c58cf8,0x00000000a5c80000)
 Metaspace       used 84335K, committed 86080K, reserved 1179648K
  class space    used 8727K, committed 9536K, reserved 1048576K
}
Event: 1653.648 GC heap before
{Heap before GC invocations=1146 (full 4):
 PSYoungGen      total 3072K, used 2859K [0x00000000d5580000, 0x00000000d5980000, 0x0000000100000000)
  eden space 2560K, 99% used [0x00000000d5580000,0x00000000d57fecb8,0x00000000d5800000)
  from space 512K, 59% used [0x00000000d5880000,0x00000000d58cc010,0x00000000d5900000)
  to   space 512K, 0% used [0x00000000d5900000,0x00000000d5900000,0x00000000d5980000)
 ParOldGen       total 619008K, used 618851K [0x0000000080000000, 0x00000000a5c80000, 0x00000000d5580000)
  object space 619008K, 99% used [0x0000000080000000,0x00000000a5c58cf8,0x00000000a5c80000)
 Metaspace       used 84335K, committed 86080K, reserved 1179648K
  class space    used 8727K, committed 9536K, reserved 1048576K
}
Event: 1653.650 GC heap after
{Heap after GC invocations=1146 (full 4):
 PSYoungGen      total 3072K, used 256K [0x00000000d5580000, 0x00000000d5980000, 0x0000000100000000)
  eden space 2560K, 0% used [0x00000000d5580000,0x00000000d5580000,0x00000000d5800000)
  from space 512K, 50% used [0x00000000d5900000,0x00000000d5940000,0x00000000d5980000)
  to   space 512K, 0% used [0x00000000d5880000,0x00000000d5880000,0x00000000d5900000)
 ParOldGen       total 619008K, used 618915K [0x0000000080000000, 0x00000000a5c80000, 0x00000000d5580000)
  object space 619008K, 99% used [0x0000000080000000,0x00000000a5c68cf8,0x00000000a5c80000)
 Metaspace       used 84335K, committed 86080K, reserved 1179648K
  class space    used 8727K, committed 9536K, reserved 1048576K
}
Event: 1654.271 GC heap before
{Heap before GC invocations=1147 (full 4):
 PSYoungGen      total 3072K, used 2816K [0x00000000d5580000, 0x00000000d5980000, 0x0000000100000000)
  eden space 2560K, 100% used [0x00000000d5580000,0x00000000d5800000,0x00000000d5800000)
  from space 512K, 50% used [0x00000000d5900000,0x00000000d5940000,0x00000000d5980000)
  to   space 512K, 0% used [0x00000000d5880000,0x00000000d5880000,0x00000000d5900000)
 ParOldGen       total 619008K, used 618915K [0x0000000080000000, 0x00000000a5c80000, 0x00000000d5580000)
  object space 619008K, 99% used [0x0000000080000000,0x00000000a5c68cf8,0x00000000a5c80000)
 Metaspace       used 84336K, committed 86080K, reserved 1179648K
  class space    used 8727K, committed 9536K, reserved 1048576K
}
Event: 1654.273 GC heap after
{Heap after GC invocations=1147 (full 4):
 PSYoungGen      total 3072K, used 486K [0x00000000d5580000, 0x00000000d5c00000, 0x0000000100000000)
  eden space 2560K, 0% used [0x00000000d5580000,0x00000000d5580000,0x00000000d5800000)
  from space 512K, 95% used [0x00000000d5880000,0x00000000d58f99d0,0x00000000d5900000)
  to   space 2048K, 0% used [0x00000000d5a00000,0x00000000d5a00000,0x00000000d5c00000)
 ParOldGen       total 620544K, used 620190K [0x0000000080000000, 0x00000000a5e00000, 0x00000000d5580000)
  object space 620544K, 99% used [0x0000000080000000,0x00000000a5da7b48,0x00000000a5e00000)
 Metaspace       used 84336K, committed 86080K, reserved 1179648K
  class space    used 8727K, committed 9536K, reserved 1048576K
}
Event: 1654.277 GC heap before
{Heap before GC invocations=1148 (full 4):
 PSYoungGen      total 3072K, used 3046K [0x00000000d5580000, 0x00000000d5c00000, 0x0000000100000000)
  eden space 2560K, 100% used [0x00000000d5580000,0x00000000d5800000,0x00000000d5800000)
  from space 512K, 95% used [0x00000000d5880000,0x00000000d58f99d0,0x00000000d5900000)
  to   space 2048K, 0% used [0x00000000d5a00000,0x00000000d5a00000,0x00000000d5c00000)
 ParOldGen       total 620544K, used 620190K [0x0000000080000000, 0x00000000a5e00000, 0x00000000d5580000)
  object space 620544K, 99% used [0x0000000080000000,0x00000000a5da7b48,0x00000000a5e00000)
 Metaspace       used 84336K, committed 86080K, reserved 1179648K
  class space    used 8727K, committed 9536K, reserved 1048576K
}
Event: 1654.281 GC heap after
{Heap after GC invocations=1148 (full 4):
 PSYoungGen      total 3072K, used 2048K [0x00000000d5580000, 0x00000000d5f00000, 0x0000000100000000)
  eden space 1024K, 0% used [0x00000000d5580000,0x00000000d5580000,0x00000000d5680000)
  from space 2048K, 100% used [0x00000000d5a00000,0x00000000d5c00000,0x00000000d5c00000)
  to   space 3584K, 0% used [0x00000000d5680000,0x00000000d5680000,0x00000000d5a00000)
 ParOldGen       total 621568K, used 621189K [0x0000000080000000, 0x00000000a5f00000, 0x00000000d5580000)
  object space 621568K, 99% used [0x0000000080000000,0x00000000a5ea1528,0x00000000a5f00000)
 Metaspace       used 84336K, committed 86080K, reserved 1179648K
  class space    used 8727K, committed 9536K, reserved 1048576K
}
Event: 1654.284 GC heap before
{Heap before GC invocations=1149 (full 4):
 PSYoungGen      total 3072K, used 3072K [0x00000000d5580000, 0x00000000d5f00000, 0x0000000100000000)
  eden space 1024K, 100% used [0x00000000d5580000,0x00000000d5680000,0x00000000d5680000)
  from space 2048K, 100% used [0x00000000d5a00000,0x00000000d5c00000,0x00000000d5c00000)
  to   space 3584K, 0% used [0x00000000d5680000,0x00000000d5680000,0x00000000d5a00000)
 ParOldGen       total 621568K, used 621189K [0x0000000080000000, 0x00000000a5f00000, 0x00000000d5580000)
  object space 621568K, 99% used [0x0000000080000000,0x00000000a5ea1528,0x00000000a5f00000)
 Metaspace       used 84336K, committed 86080K, reserved 1179648K
  class space    used 8727K, committed 9536K, reserved 1048576K
}
Event: 1654.286 GC heap after
{Heap after GC invocations=1149 (full 4):
 PSYoungGen      total 2560K, used 1044K [0x00000000d5580000, 0x00000000d5b00000, 0x0000000100000000)
  eden space 1024K, 0% used [0x00000000d5580000,0x00000000d5580000,0x00000000d5680000)
  from space 1536K, 67% used [0x00000000d5680000,0x00000000d5785000,0x00000000d5800000)
  to   space 2048K, 0% used [0x00000000d5900000,0x00000000d5900000,0x00000000d5b00000)
 ParOldGen       total 623616K, used 623309K [0x0000000080000000, 0x00000000a6100000, 0x00000000d5580000)
  object space 623616K, 99% used [0x0000000080000000,0x00000000a60b3528,0x00000000a6100000)
 Metaspace       used 84336K, committed 86080K, reserved 1179648K
  class space    used 8727K, committed 9536K, reserved 1048576K
}
Event: 1654.292 GC heap before
{Heap before GC invocations=1150 (full 4):
 PSYoungGen      total 2560K, used 2049K [0x00000000d5580000, 0x00000000d5b00000, 0x0000000100000000)
  eden space 1024K, 98% used [0x00000000d5580000,0x00000000d567b568,0x00000000d5680000)
  from space 1536K, 67% used [0x00000000d5680000,0x00000000d5785000,0x00000000d5800000)
  to   space 2048K, 0% used [0x00000000d5900000,0x00000000d5900000,0x00000000d5b00000)
 ParOldGen       total 623616K, used 623309K [0x0000000080000000, 0x00000000a6100000, 0x00000000d5580000)
  object space 623616K, 99% used [0x0000000080000000,0x00000000a60b3528,0x00000000a6100000)
 Metaspace       used 84336K, committed 86080K, reserved 1179648K
  class space    used 8727K, committed 9536K, reserved 1048576K
}
Event: 1654.294 GC heap after
{Heap after GC invocations=1150 (full 4):
 PSYoungGen      total 2560K, used 912K [0x00000000d5580000, 0x00000000d5a00000, 0x0000000100000000)
  eden space 1536K, 0% used [0x00000000d5580000,0x00000000d5580000,0x00000000d5700000)
  from space 1024K, 89% used [0x00000000d5900000,0x00000000d59e4000,0x00000000d5a00000)
  to   space 1536K, 0% used [0x00000000d5700000,0x00000000d5700000,0x00000000d5880000)
 ParOldGen       total 624640K, used 624165K [0x0000000080000000, 0x00000000a6200000, 0x00000000d5580000)
  object space 624640K, 99% used [0x0000000080000000,0x00000000a6189528,0x00000000a6200000)
 Metaspace       used 84336K, committed 86080K, reserved 1179648K
  class space    used 8727K, committed 9536K, reserved 1048576K
}
Event: 1654.308 GC heap before
{Heap before GC invocations=1151 (full 4):
 PSYoungGen      total 2560K, used 2448K [0x00000000d5580000, 0x00000000d5a00000, 0x0000000100000000)
  eden space 1536K, 100% used [0x00000000d5580000,0x00000000d5700000,0x00000000d5700000)
  from space 1024K, 89% used [0x00000000d5900000,0x00000000d59e4000,0x00000000d5a00000)
  to   space 1536K, 0% used [0x00000000d5700000,0x00000000d5700000,0x00000000d5880000)
 ParOldGen       total 624640K, used 624165K [0x0000000080000000, 0x00000000a6200000, 0x00000000d5580000)
  object space 624640K, 99% used [0x0000000080000000,0x00000000a6189528,0x00000000a6200000)
 Metaspace       used 84336K, committed 86080K, reserved 1179648K
  class space    used 8727K, committed 9536K, reserved 1048576K
}
Event: 1654.310 GC heap after
{Heap after GC invocations=1151 (full 4):
 PSYoungGen      total 3072K, used 1528K [0x00000000d5580000, 0x00000000d5c80000, 0x0000000100000000)
  eden space 1536K, 0% used [0x00000000d5580000,0x00000000d5580000,0x00000000d5700000)
  from space 1536K, 99% used [0x00000000d5700000,0x00000000d587e340,0x00000000d5880000)
  to   space 2560K, 0% used [0x00000000d5a00000,0x00000000d5a00000,0x00000000d5c80000)
 ParOldGen       total 625152K, used 624701K [0x0000000080000000, 0x00000000a6280000, 0x00000000d5580000)
  object space 625152K, 99% used [0x0000000080000000,0x00000000a620f528,0x00000000a6280000)
 Metaspace       used 84336K, committed 86080K, reserved 1179648K
  class space    used 8727K, committed 9536K, reserved 1048576K
}
Event: 1654.312 GC heap before
{Heap before GC invocations=1152 (full 4):
 PSYoungGen      total 3072K, used 3064K [0x00000000d5580000, 0x00000000d5c80000, 0x0000000100000000)
  eden space 1536K, 100% used [0x00000000d5580000,0x00000000d5700000,0x00000000d5700000)
  from space 1536K, 99% used [0x00000000d5700000,0x00000000d587e340,0x00000000d5880000)
  to   space 2560K, 0% used [0x00000000d5a00000,0x00000000d5a00000,0x00000000d5c80000)
 ParOldGen       total 625152K, used 624701K [0x0000000080000000, 0x00000000a6280000, 0x00000000d5580000)
  object space 625152K, 99% used [0x0000000080000000,0x00000000a620f528,0x00000000a6280000)
 Metaspace       used 84336K, committed 86080K, reserved 1179648K
  class space    used 8727K, committed 9536K, reserved 1048576K
}
Event: 1654.315 GC heap after
{Heap after GC invocations=1152 (full 4):
 PSYoungGen      total 4096K, used 1632K [0x00000000d5580000, 0x00000000d5c00000, 0x0000000100000000)
  eden space 2048K, 0% used [0x00000000d5580000,0x00000000d5580000,0x00000000d5780000)
  from space 2048K, 79% used [0x00000000d5a00000,0x00000000d5b98000,0x00000000d5c00000)
  to   space 2048K, 0% used [0x00000000d5800000,0x00000000d5800000,0x00000000d5a00000)
 ParOldGen       total 626688K, used 626386K [0x0000000080000000, 0x00000000a6400000, 0x00000000d5580000)
  object space 626688K, 99% used [0x0000000080000000,0x00000000a63b4a08,0x00000000a6400000)
 Metaspace       used 84336K, committed 86080K, reserved 1179648K
  class space    used 8727K, committed 9536K, reserved 1048576K
}
Event: 1654.356 GC heap before
{Heap before GC invocations=1153 (full 4):
 PSYoungGen      total 4096K, used 3679K [0x00000000d5580000, 0x00000000d5c00000, 0x0000000100000000)
  eden space 2048K, 99% used [0x00000000d5580000,0x00000000d577ffc8,0x00000000d5780000)
  from space 2048K, 79% used [0x00000000d5a00000,0x00000000d5b98000,0x00000000d5c00000)
  to   space 2048K, 0% used [0x00000000d5800000,0x00000000d5800000,0x00000000d5a00000)
 ParOldGen       total 626688K, used 626386K [0x0000000080000000, 0x00000000a6400000, 0x00000000d5580000)
  object space 626688K, 99% used [0x0000000080000000,0x00000000a63b4a08,0x00000000a6400000)
 Metaspace       used 84336K, committed 86080K, reserved 1179648K
  class space    used 8727K, committed 9536K, reserved 1048576K
}
Event: 1654.358 GC heap after
{Heap after GC invocations=1153 (full 4):
 PSYoungGen      total 4608K, used 1744K [0x00000000d5580000, 0x00000000d5c00000, 0x0000000100000000)
  eden space 2560K, 0% used [0x00000000d5580000,0x00000000d5580000,0x00000000d5800000)
  from space 2048K, 85% used [0x00000000d5800000,0x00000000d59b4000,0x00000000d5a00000)
  to   space 2048K, 0% used [0x00000000d5a00000,0x00000000d5a00000,0x00000000d5c00000)
 ParOldGen       total 628224K, used 627938K [0x0000000080000000, 0x00000000a6580000, 0x00000000d5580000)
  object space 628224K, 99% used [0x0000000080000000,0x00000000a6538a08,0x00000000a6580000)
 Metaspace       used 84336K, committed 86080K, reserved 1179648K
  class space    used 8727K, committed 9536K, reserved 1048576K
}
Event: 1654.682 GC heap before
{Heap before GC invocations=1154 (full 4):
 PSYoungGen      total 4608K, used 4304K [0x00000000d5580000, 0x00000000d5c00000, 0x0000000100000000)
  eden space 2560K, 100% used [0x00000000d5580000,0x00000000d5800000,0x00000000d5800000)
  from space 2048K, 85% used [0x00000000d5800000,0x00000000d59b4000,0x00000000d5a00000)
  to   space 2048K, 0% used [0x00000000d5a00000,0x00000000d5a00000,0x00000000d5c00000)
 ParOldGen       total 628224K, used 627938K [0x0000000080000000, 0x00000000a6580000, 0x00000000d5580000)
  object space 628224K, 99% used [0x0000000080000000,0x00000000a6538a08,0x00000000a6580000)
 Metaspace       used 84337K, committed 86080K, reserved 1179648K
  class space    used 8727K, committed 9536K, reserved 1048576K
}
Event: 1654.685 GC heap after
{Heap after GC invocations=1154 (full 4):
 PSYoungGen      total 3072K, used 320K [0x00000000d5580000, 0x00000000d5a80000, 0x0000000100000000)
  eden space 2560K, 0% used [0x00000000d5580000,0x00000000d5580000,0x00000000d5800000)
  from space 512K, 62% used [0x00000000d5a00000,0x00000000d5a50000,0x00000000d5a80000)
  to   space 1024K, 0% used [0x00000000d5880000,0x00000000d5880000,0x00000000d5980000)
 ParOldGen       total 629760K, used 629570K [0x0000000080000000, 0x00000000a6700000, 0x00000000d5580000)
  object space 629760K, 99% used [0x0000000080000000,0x00000000a66d0a08,0x00000000a6700000)
 Metaspace       used 84337K, committed 86080K, reserved 1179648K
  class space    used 8727K, committed 9536K, reserved 1048576K
}

